2021-08-07 09:59:50.680 [http-nio-8081-exec-1] DEBUG com.my.blog.website.service.impl.ContentServiceImpl - Enter getContents method
2021-08-07 09:59:51.180 [http-nio-8081-exec-1] DEBUG com.my.blog.website.service.impl.ContentServiceImpl - Exit getContents method
2021-08-07 09:59:59.036 [http-nio-8081-exec-10] DEBUG com.my.blog.website.service.impl.SiteServiceImpl - Enter getArchives method
2021-08-07 09:59:59.345 [http-nio-8081-exec-10] DEBUG com.my.blog.website.service.impl.SiteServiceImpl - Exit getArchives method
2021-08-07 10:00:23.014 [http-nio-8081-exec-3] DEBUG com.my.blog.website.service.impl.ContentServiceImpl - Enter getContents method
2021-08-07 10:00:23.363 [http-nio-8081-exec-3] DEBUG com.my.blog.website.service.impl.ContentServiceImpl - Exit getContents method
2021-08-07 10:01:51.874 [http-nio-8081-exec-10] INFO  com.my.blog.website.controller.admin.IndexController - Enter admin index method
2021-08-07 10:01:51.876 [http-nio-8081-exec-10] DEBUG com.my.blog.website.service.impl.SiteServiceImpl - Enter recentComments method:limit=5
2021-08-07 10:01:52.193 [http-nio-8081-exec-10] DEBUG com.my.blog.website.service.impl.SiteServiceImpl - Exit recentComments method
2021-08-07 10:01:52.193 [http-nio-8081-exec-10] DEBUG com.my.blog.website.service.impl.SiteServiceImpl - Enter recentContents method
2021-08-07 10:01:52.504 [http-nio-8081-exec-10] DEBUG com.my.blog.website.service.impl.SiteServiceImpl - Exit recentContents method
2021-08-07 10:01:52.504 [http-nio-8081-exec-10] DEBUG com.my.blog.website.service.impl.SiteServiceImpl - Enter getStatistics method
2021-08-07 10:01:53.126 [http-nio-8081-exec-10] DEBUG com.my.blog.website.service.impl.SiteServiceImpl - Exit getStatistics method
2021-08-07 10:01:53.126 [http-nio-8081-exec-10] DEBUG com.my.blog.website.service.impl.LogServiceImpl - Enter getLogs method:page=1,linit=5
2021-08-07 10:01:53.437 [http-nio-8081-exec-10] DEBUG com.my.blog.website.service.impl.LogServiceImpl - Exit getLogs method
2021-08-07 10:01:53.437 [http-nio-8081-exec-10] INFO  com.my.blog.website.controller.admin.IndexController - Exit admin index method
2021-08-07 10:01:53.460 [http-nio-8081-exec-2] INFO  com.my.blog.website.controller.admin.IndexController - Enter admin index method
2021-08-07 10:01:53.460 [http-nio-8081-exec-2] DEBUG com.my.blog.website.service.impl.SiteServiceImpl - Enter recentComments method:limit=5
2021-08-07 10:01:54.024 [http-nio-8081-exec-2] DEBUG com.my.blog.website.service.impl.SiteServiceImpl - Exit recentComments method
2021-08-07 10:01:54.024 [http-nio-8081-exec-2] DEBUG com.my.blog.website.service.impl.SiteServiceImpl - Enter recentContents method
2021-08-07 10:01:54.323 [http-nio-8081-exec-2] DEBUG com.my.blog.website.service.impl.SiteServiceImpl - Exit recentContents method
2021-08-07 10:01:54.323 [http-nio-8081-exec-2] DEBUG com.my.blog.website.service.impl.SiteServiceImpl - Enter getStatistics method
2021-08-07 10:01:55.195 [http-nio-8081-exec-2] DEBUG com.my.blog.website.service.impl.SiteServiceImpl - Exit getStatistics method
2021-08-07 10:01:55.195 [http-nio-8081-exec-2] DEBUG com.my.blog.website.service.impl.LogServiceImpl - Enter getLogs method:page=1,linit=5
2021-08-07 10:01:55.893 [http-nio-8081-exec-2] DEBUG com.my.blog.website.service.impl.LogServiceImpl - Exit getLogs method
2021-08-07 10:01:55.893 [http-nio-8081-exec-2] INFO  com.my.blog.website.controller.admin.IndexController - Exit admin index method
2021-08-09 10:05:13.291 [http-nio-8081-exec-1] DEBUG com.my.blog.website.service.impl.ContentServiceImpl - Enter getContents method
2021-08-09 10:05:14.415 [http-nio-8081-exec-1] DEBUG com.my.blog.website.service.impl.ContentServiceImpl - Exit getContents method
2021-08-09 10:05:31.679 [http-nio-8081-exec-1] DEBUG com.my.blog.website.service.impl.ContentServiceImpl - Enter getContents method
2021-08-09 10:05:31.805 [http-nio-8081-exec-1] DEBUG com.my.blog.website.service.impl.ContentServiceImpl - Exit getContents method
2021-08-09 10:06:09.245 [http-nio-8081-exec-3] INFO  com.my.blog.website.controller.admin.IndexController - Enter admin index method
2021-08-09 10:06:09.246 [http-nio-8081-exec-3] DEBUG com.my.blog.website.service.impl.SiteServiceImpl - Enter recentComments method:limit=5
2021-08-09 10:06:09.345 [http-nio-8081-exec-3] DEBUG com.my.blog.website.service.impl.SiteServiceImpl - Exit recentComments method
2021-08-09 10:06:09.345 [http-nio-8081-exec-3] DEBUG com.my.blog.website.service.impl.SiteServiceImpl - Enter recentContents method
2021-08-09 10:06:09.453 [http-nio-8081-exec-3] DEBUG com.my.blog.website.service.impl.SiteServiceImpl - Exit recentContents method
2021-08-09 10:06:09.453 [http-nio-8081-exec-3] DEBUG com.my.blog.website.service.impl.SiteServiceImpl - Enter getStatistics method
2021-08-09 10:06:09.647 [http-nio-8081-exec-3] DEBUG com.my.blog.website.service.impl.SiteServiceImpl - Exit getStatistics method
2021-08-09 10:06:09.647 [http-nio-8081-exec-3] DEBUG com.my.blog.website.service.impl.LogServiceImpl - Enter getLogs method:page=1,linit=5
2021-08-09 10:06:09.749 [http-nio-8081-exec-3] DEBUG com.my.blog.website.service.impl.LogServiceImpl - Exit getLogs method
2021-08-09 10:06:09.749 [http-nio-8081-exec-3] INFO  com.my.blog.website.controller.admin.IndexController - Exit admin index method
2021-08-09 10:06:33.132 [http-nio-8081-exec-4] INFO  com.my.blog.website.controller.admin.IndexController - Enter admin index method
2021-08-09 10:06:33.132 [http-nio-8081-exec-4] DEBUG com.my.blog.website.service.impl.SiteServiceImpl - Enter recentComments method:limit=5
2021-08-09 10:06:33.234 [http-nio-8081-exec-4] DEBUG com.my.blog.website.service.impl.SiteServiceImpl - Exit recentComments method
2021-08-09 10:06:33.234 [http-nio-8081-exec-4] DEBUG com.my.blog.website.service.impl.SiteServiceImpl - Enter recentContents method
2021-08-09 10:06:33.338 [http-nio-8081-exec-4] DEBUG com.my.blog.website.service.impl.SiteServiceImpl - Exit recentContents method
2021-08-09 10:06:33.338 [http-nio-8081-exec-4] DEBUG com.my.blog.website.service.impl.SiteServiceImpl - Enter getStatistics method
2021-08-09 10:06:33.537 [http-nio-8081-exec-4] DEBUG com.my.blog.website.service.impl.SiteServiceImpl - Exit getStatistics method
2021-08-09 10:06:33.537 [http-nio-8081-exec-4] DEBUG com.my.blog.website.service.impl.LogServiceImpl - Enter getLogs method:page=1,linit=5
2021-08-09 10:06:33.633 [http-nio-8081-exec-4] DEBUG com.my.blog.website.service.impl.LogServiceImpl - Exit getLogs method
2021-08-09 10:06:33.633 [http-nio-8081-exec-4] INFO  com.my.blog.website.controller.admin.IndexController - Exit admin index method
2021-08-09 10:08:32.540 [http-nio-8081-exec-2] DEBUG com.my.blog.website.service.impl.RelationshipServiceImpl - Enter countById method:cid=6,mid=9
2021-08-09 10:08:32.591 [http-nio-8081-exec-2] DEBUG com.my.blog.website.service.impl.RelationshipServiceImpl - Exit countById method return num=0
2021-08-09 10:08:32.736 [http-nio-8081-exec-2] DEBUG com.my.blog.website.service.impl.RelationshipServiceImpl - Enter countById method:cid=6,mid=10
2021-08-09 10:08:32.787 [http-nio-8081-exec-2] DEBUG com.my.blog.website.service.impl.RelationshipServiceImpl - Exit countById method return num=0
2021-08-09 10:08:34.598 [http-nio-8081-exec-3] DEBUG com.my.blog.website.service.impl.RelationshipServiceImpl - Enter countById method:cid=6,mid=9
2021-08-09 10:08:34.649 [http-nio-8081-exec-3] DEBUG com.my.blog.website.service.impl.RelationshipServiceImpl - Exit countById method return num=0
2021-08-09 10:08:34.790 [http-nio-8081-exec-3] DEBUG com.my.blog.website.service.impl.RelationshipServiceImpl - Enter countById method:cid=6,mid=10
2021-08-09 10:08:34.837 [http-nio-8081-exec-3] DEBUG com.my.blog.website.service.impl.RelationshipServiceImpl - Exit countById method return num=0
2021-08-09 10:08:45.472 [http-nio-8081-exec-8] DEBUG com.my.blog.website.service.impl.RelationshipServiceImpl - Enter countById method:cid=5,mid=15
2021-08-09 10:08:45.522 [http-nio-8081-exec-8] DEBUG com.my.blog.website.service.impl.RelationshipServiceImpl - Exit countById method return num=0
2021-08-09 10:08:45.668 [http-nio-8081-exec-8] DEBUG com.my.blog.website.service.impl.RelationshipServiceImpl - Enter countById method:cid=5,mid=16
2021-08-09 10:08:45.719 [http-nio-8081-exec-8] DEBUG com.my.blog.website.service.impl.RelationshipServiceImpl - Exit countById method return num=0
2021-08-09 10:08:45.870 [http-nio-8081-exec-8] DEBUG com.my.blog.website.service.impl.RelationshipServiceImpl - Enter countById method:cid=5,mid=17
2021-08-09 10:08:45.924 [http-nio-8081-exec-8] DEBUG com.my.blog.website.service.impl.RelationshipServiceImpl - Exit countById method return num=0
2021-08-09 10:08:46.075 [http-nio-8081-exec-8] DEBUG com.my.blog.website.service.impl.RelationshipServiceImpl - Enter countById method:cid=5,mid=19
2021-08-09 10:08:46.129 [http-nio-8081-exec-8] DEBUG com.my.blog.website.service.impl.RelationshipServiceImpl - Exit countById method return num=0
2021-08-09 10:23:42.596 [http-nio-8081-exec-2] DEBUG com.my.blog.website.service.impl.ContentServiceImpl - Enter getContents method
2021-08-09 10:23:44.500 [http-nio-8081-exec-2] DEBUG com.my.blog.website.service.impl.ContentServiceImpl - Exit getContents method
2021-08-09 10:23:56.237 [http-nio-8081-exec-3] DEBUG com.my.blog.website.service.impl.ContentServiceImpl - Enter getContents method
2021-08-09 10:23:56.399 [http-nio-8081-exec-3] DEBUG com.my.blog.website.service.impl.ContentServiceImpl - Exit getContents method
2021-08-09 10:23:59.885 [http-nio-8081-exec-8] INFO  com.my.blog.website.controller.admin.IndexController - Enter admin index method
2021-08-09 10:23:59.885 [http-nio-8081-exec-8] DEBUG com.my.blog.website.service.impl.SiteServiceImpl - Enter recentComments method:limit=5
2021-08-09 10:23:59.987 [http-nio-8081-exec-8] DEBUG com.my.blog.website.service.impl.SiteServiceImpl - Exit recentComments method
2021-08-09 10:23:59.987 [http-nio-8081-exec-8] DEBUG com.my.blog.website.service.impl.SiteServiceImpl - Enter recentContents method
2021-08-09 10:24:00.091 [http-nio-8081-exec-8] DEBUG com.my.blog.website.service.impl.SiteServiceImpl - Exit recentContents method
2021-08-09 10:24:00.091 [http-nio-8081-exec-8] DEBUG com.my.blog.website.service.impl.SiteServiceImpl - Enter getStatistics method
2021-08-09 10:24:00.291 [http-nio-8081-exec-8] DEBUG com.my.blog.website.service.impl.SiteServiceImpl - Exit getStatistics method
2021-08-09 10:24:00.291 [http-nio-8081-exec-8] DEBUG com.my.blog.website.service.impl.LogServiceImpl - Enter getLogs method:page=1,linit=5
2021-08-09 10:24:00.393 [http-nio-8081-exec-8] DEBUG com.my.blog.website.service.impl.LogServiceImpl - Exit getLogs method
2021-08-09 10:24:00.393 [http-nio-8081-exec-8] INFO  com.my.blog.website.controller.admin.IndexController - Exit admin index method
